%!Adobe-FontList 1.22
%Locale:0x409

%BeginFont
Handler:DirectoryHandler
FontType:Invalid
OutlineFileName:/Users/phil-ezb/Desktop/coders.bay/_ABSCHLUSSPROJEKT/_Präsentation/_abschlussprojekt_codersbay_phil_ziegelbauer_210301_1000 Ordner/Document fonts/AdobeFnt22.lst
FileLength:37
FileModTime:636401853
%EndFont

%BeginFont
Handler:DirectoryHandler
FontType:TrueType
FontName:HelveticaNeue
FamilyName:Helvetica Neue
StyleName:Regular
MenuName:Helvetica Neue
StyleBits:0
WeightClass:400
WidthClass:5
AngleClass:0
FullName:Helvetica Neue
WritingScript:Roman
OutlineFileName:/Users/phil-ezb/Desktop/coders.bay/_ABSCHLUSSPROJEKT/_Präsentation/_abschlussprojekt_codersbay_phil_ziegelbauer_210301_1000 Ordner/Document fonts/HelveticaNeue.ttc
TTCOffset:80
DataFormat:sfntData
hasSVG:no
VariableFontType:NonVariableFont
FileLength:6171680
FileModTime:636285147
NameArray:0,Mac,4,Helvetica Neue
%EndFont

